# JRE version: OpenJDK Runtime Environment Temurin-17.0.7+7 (17.0.7+7) (build 17.0.7+7)
# Java VM: OpenJDK 64-Bit Server VM Temurin-17.0.7+7 (17.0.7+7, mixed mode, emulated-client, tiered, compressed oops, compressed class ptrs, g1 gc, windows-amd64)
GC Precious Log:
 CPUs: 4 total, 4 available
 Memory: 7975M
 Large Page Support: Disabled
 NUMA Support: Disabled
 Compressed Oops: Enabled (32-bit)
 Heap Region Size: 1M
 Heap Min Capacity: 8M
 Heap Initial Capacity: 126M
 Heap Max Capacity: 1G
 Pre-touch: Disabled
 Parallel Workers: 4
 Concurrent Workers: 1
 Concurrent Refinement Workers: 4
 Periodic GC: Disabled
Heap:
 garbage-first heap   total 280576K, used 82975K [0x00000000c0000000, 0x0000000100000000)
  region size 1024K, 1 young (1024K), 0 survivors (0K)
 Metaspace       used 74151K, committed 74752K, reserved 1114112K
  class space    used 10110K, committed 10368K, reserved 1048576K
GC Heap History (20 events):
Event: 18796.765 GC heap before
{Heap before GC invocations=1956 (full 1830):
 garbage-first heap   total 280576K, used 82975K [0x00000000c0000000, 0x0000000100000000)
  region size 1024K, 1 young (1024K), 0 survivors (0K)
 Metaspace       used 74151K, committed 74752K, reserved 1114112K
  class space    used 10110K, committed 10368K, reserved 1048576K
}
Event: 18796.816 GC heap after
{Heap after GC invocations=1957 (full 1831):
 garbage-first heap   total 280576K, used 82975K [0x00000000c0000000, 0x0000000100000000)
  region size 1024K, 0 young (0K), 0 survivors (0K)
 Metaspace       used 74151K, committed 74752K, reserved 1114112K
  class space    used 10110K, committed 10368K, reserved 1048576K
}
Event: 18806.922 GC heap before
{Heap before GC invocations=1957 (full 1831):
 garbage-first heap   total 280576K, used 82975K [0x00000000c0000000, 0x0000000100000000)
  region size 1024K, 1 young (1024K), 0 survivors (0K)
 Metaspace       used 74151K, committed 74752K, reserved 1114112K
  class space    used 10110K, committed 10368K, reserved 1048576K
}
Event: 18806.976 GC heap after
{Heap after GC invocations=1958 (full 1832):
 garbage-first heap   total 280576K, used 82975K [0x00000000c0000000, 0x0000000100000000)
  region size 1024K, 0 young (0K), 0 survivors (0K)
 Metaspace       used 74151K, committed 74752K, reserved 1114112K
  class space    used 10110K, committed 10368K, reserved 1048576K
}
Event: 18817.090 GC heap before
{Heap before GC invocations=1958 (full 1832):
 garbage-first heap   total 280576K, used 82975K [0x00000000c0000000, 0x0000000100000000)
  region size 1024K, 1 young (1024K), 0 survivors (0K)
 Metaspace       used 74151K, committed 74752K, reserved 1114112K
  class space    used 10110K, committed 10368K, reserved 1048576K
}
Event: 18817.140 GC heap after
{Heap after GC invocations=1959 (full 1833):
 garbage-first heap   total 280576K, used 82975K [0x00000000c0000000, 0x0000000100000000)
  region size 1024K, 0 young (0K), 0 survivors (0K)
 Metaspace       used 74151K, committed 74752K, reserved 1114112K
  class space    used 10110K, committed 10368K, reserved 1048576K
}
Event: 18827.250 GC heap before
{Heap before GC invocations=1959 (full 1833):
 garbage-first heap   total 280576K, used 82975K [0x00000000c0000000, 0x0000000100000000)
  region size 1024K, 1 young (1024K), 0 survivors (0K)
 Metaspace       used 74151K, committed 74752K, reserved 1114112K
  class space    used 10110K, committed 10368K, reserved 1048576K
}
Event: 18827.301 GC heap after
{Heap after GC invocations=1960 (full 1834):
 garbage-first heap   total 280576K, used 82975K [0x00000000c0000000, 0x0000000100000000)
  region size 1024K, 0 young (0K), 0 survivors (0K)
 Metaspace       used 74151K, committed 74752K, reserved 1114112K
  class space    used 10110K, committed 10368K, reserved 1048576K
}
Event: 18837.417 GC heap before
{Heap before GC invocations=1960 (full 1834):
 garbage-first heap   total 280576K, used 82975K [0x00000000c0000000, 0x0000000100000000)
  region size 1024K, 1 young (1024K), 0 survivors (0K)
 Metaspace       used 74151K, committed 74752K, reserved 1114112K
  class space    used 10110K, committed 10368K, reserved 1048576K
}
Event: 18837.467 GC heap after
{Heap after GC invocations=1961 (full 1835):
 garbage-first heap   total 280576K, used 82975K [0x00000000c0000000, 0x0000000100000000)
  region size 1024K, 0 young (0K), 0 survivors (0K)
 Metaspace       used 74151K, committed 74752K, reserved 1114112K
  class space    used 10110K, committed 10368K, reserved 1048576K
}
Event: 18847.631 GC heap before
{Heap before GC invocations=1961 (full 1835):
 garbage-first heap   total 280576K, used 82975K [0x00000000c0000000, 0x0000000100000000)
  region size 1024K, 1 young (1024K), 0 survivors (0K)
 Metaspace       used 74151K, committed 74752K, reserved 1114112K
  class space    used 10110K, committed 10368K, reserved 1048576K
}
Event: 18847.694 GC heap after
{Heap after GC invocations=1962 (full 1836):
 garbage-first heap   total 280576K, used 82975K [0x00000000c0000000, 0x0000000100000000)
  region size 1024K, 0 young (0K), 0 survivors (0K)
 Metaspace       used 74151K, committed 74752K, reserved 1114112K
  class space    used 10110K, committed 10368K, reserved 1048576K
}
Event: 18857.840 GC heap before
{Heap before GC invocations=1962 (full 1836):
 garbage-first heap   total 280576K, used 82975K [0x00000000c0000000, 0x0000000100000000)
  region size 1024K, 1 young (1024K), 0 survivors (0K)
 Metaspace       used 74151K, committed 74752K, reserved 1114112K
  class space    used 10110K, committed 10368K, reserved 1048576K
}
Event: 18857.895 GC heap after
{Heap after GC invocations=1963 (full 1837):
 garbage-first heap   total 280576K, used 82975K [0x00000000c0000000, 0x0000000100000000)
  region size 1024K, 0 young (0K), 0 survivors (0K)
 Metaspace       used 74151K, committed 74752K, reserved 1114112K
  class space    used 10110K, committed 10368K, reserved 1048576K
}
Event: 18868.053 GC heap before
{Heap before GC invocations=1963 (full 1837):
 garbage-first heap   total 280576K, used 82975K [0x00000000c0000000, 0x0000000100000000)
  region size 1024K, 1 young (1024K), 0 survivors (0K)
 Metaspace       used 74151K, committed 74752K, reserved 1114112K
  class space    used 10110K, committed 10368K, reserved 1048576K
}
Event: 18868.114 GC heap after
{Heap after GC invocations=1964 (full 1838):
 garbage-first heap   total 280576K, used 82975K [0x00000000c0000000, 0x0000000100000000)
  region size 1024K, 0 young (0K), 0 survivors (0K)
 Metaspace       used 74151K, committed 74752K, reserved 1114112K
  class space    used 10110K, committed 10368K, reserved 1048576K
}
Event: 18878.241 GC heap before
{Heap before GC invocations=1964 (full 1838):
 garbage-first heap   total 280576K, used 82975K [0x00000000c0000000, 0x0000000100000000)
  region size 1024K, 1 young (1024K), 0 survivors (0K)
 Metaspace       used 74151K, committed 74752K, reserved 1114112K
  class space    used 10110K, committed 10368K, reserved 1048576K
}
Event: 18878.297 GC heap after
{Heap after GC invocations=1965 (full 1839):
 garbage-first heap   total 280576K, used 82975K [0x00000000c0000000, 0x0000000100000000)
  region size 1024K, 0 young (0K), 0 survivors (0K)
 Metaspace       used 74151K, committed 74752K, reserved 1114112K
  class space    used 10110K, committed 10368K, reserved 1048576K
}
Event: 18888.478 GC heap before
{Heap before GC invocations=1965 (full 1839):
 garbage-first heap   total 280576K, used 82975K [0x00000000c0000000, 0x0000000100000000)
  region size 1024K, 1 young (1024K), 0 survivors (0K)
 Metaspace       used 74151K, committed 74752K, reserved 1114112K
  class space    used 10110K, committed 10368K, reserved 1048576K
}
Event: 18888.533 GC heap after
{Heap after GC invocations=1966 (full 1840):
 garbage-first heap   total 280576K, used 82975K [0x00000000c0000000, 0x0000000100000000)
  region size 1024K, 0 young (0K), 0 survivors (0K)
 Metaspace       used 74151K, committed 74752K, reserved 1114112K
  class space    used 10110K, committed 10368K, reserved 1048576K
}

